[INFO] [2018-04-16 10:11:21][com.chgenomics.store.controller.UserControllerTest]com.chgenomics.store.model.User@514646ef
[INFO] [2018-04-16 10:11:37][com.chgenomics.store.controller.UserControllerTest]com.chgenomics.store.model.User@1040be71
[INFO] [2018-04-16 10:34:13][org.springframework.test.context.support.DefaultTestContextBootstrapper]Loaded default TestExecutionListener class names from location [META-INF/spring.factories]: [org.springframework.test.context.web.ServletTestExecutionListener, org.springframework.test.context.support.DirtiesContextBeforeModesTestExecutionListener, org.springframework.test.context.support.DependencyInjectionTestExecutionListener, org.springframework.test.context.support.DirtiesContextTestExecutionListener, org.springframework.test.context.transaction.TransactionalTestExecutionListener, org.springframework.test.context.jdbc.SqlScriptsTestExecutionListener]
[INFO] [2018-04-16 10:34:13][org.springframework.test.context.support.DefaultTestContextBootstrapper]Using TestExecutionListeners: [org.springframework.test.context.web.ServletTestExecutionListener@55d56113, org.springframework.test.context.support.DirtiesContextBeforeModesTestExecutionListener@148080bb, org.springframework.test.context.support.DependencyInjectionTestExecutionListener@dc24521, org.springframework.test.context.support.DirtiesContextTestExecutionListener@10bdf5e5, org.springframework.test.context.transaction.TransactionalTestExecutionListener@6e1ec318, org.springframework.test.context.jdbc.SqlScriptsTestExecutionListener@7e0b0338]
[INFO] [2018-04-16 10:34:14][org.springframework.beans.factory.xml.XmlBeanDefinitionReader]Loading XML bean definitions from class path resource [spring-mybatis.xml]
[INFO] [2018-04-16 10:34:14][org.springframework.context.support.GenericApplicationContext]Refreshing org.springframework.context.support.GenericApplicationContext@6c49835d: startup date [Mon Apr 16 10:34:14 CST 2018]; root of context hierarchy
[INFO] [2018-04-16 10:34:14][org.springframework.jdbc.datasource.DriverManagerDataSource]Loaded JDBC driver: org.postgresql.Driver
[INFO] [2018-04-16 10:34:16][com.chgenomics.store.controller.UserControllerTest]com.chgenomics.store.model.User@5965d37
[INFO] [2018-04-16 10:34:16][org.springframework.context.support.GenericApplicationContext]Closing org.springframework.context.support.GenericApplicationContext@6c49835d: startup date [Mon Apr 16 10:34:14 CST 2018]; root of context hierarchy
[INFO] [2018-04-16 13:27:34][org.springframework.test.context.support.DefaultTestContextBootstrapper]Loaded default TestExecutionListener class names from location [META-INF/spring.factories]: [org.springframework.test.context.web.ServletTestExecutionListener, org.springframework.test.context.support.DirtiesContextBeforeModesTestExecutionListener, org.springframework.test.context.support.DependencyInjectionTestExecutionListener, org.springframework.test.context.support.DirtiesContextTestExecutionListener, org.springframework.test.context.transaction.TransactionalTestExecutionListener, org.springframework.test.context.jdbc.SqlScriptsTestExecutionListener]
[INFO] [2018-04-16 13:27:34][org.springframework.test.context.support.DefaultTestContextBootstrapper]Using TestExecutionListeners: [org.springframework.test.context.web.ServletTestExecutionListener@148080bb, org.springframework.test.context.support.DirtiesContextBeforeModesTestExecutionListener@dc24521, org.springframework.test.context.support.DependencyInjectionTestExecutionListener@10bdf5e5, org.springframework.test.context.support.DirtiesContextTestExecutionListener@6e1ec318, org.springframework.test.context.transaction.TransactionalTestExecutionListener@7e0b0338, org.springframework.test.context.jdbc.SqlScriptsTestExecutionListener@617faa95]
[INFO] [2018-04-16 13:27:36][org.springframework.beans.factory.xml.XmlBeanDefinitionReader]Loading XML bean definitions from class path resource [spring-mybatis.xml]
[INFO] [2018-04-16 13:27:40][org.springframework.beans.factory.xml.XmlBeanDefinitionReader]Loading XML bean definitions from class path resource [spring-mvc.xml]
[INFO] [2018-04-16 13:27:41][org.springframework.context.support.GenericApplicationContext]Refreshing org.springframework.context.support.GenericApplicationContext@5e853265: startup date [Mon Apr 16 13:27:40 CST 2018]; root of context hierarchy
[INFO] [2018-04-16 13:27:43][org.springframework.jdbc.datasource.DriverManagerDataSource]Loaded JDBC driver: org.postgresql.Driver
[ERROR] [2018-04-16 13:27:44][org.springframework.test.context.TestContextManager]Caught exception while allowing TestExecutionListener [org.springframework.test.context.support.DependencyInjectionTestExecutionListener@10bdf5e5] to prepare test instance [com.chgenomics.store.controller.UserControllerTest@2ed2d9cb]
org.springframework.beans.factory.UnsatisfiedDependencyException: Error creating bean with name 'com.chgenomics.store.controller.UserControllerTest': Unsatisfied dependency expressed through field 'userController'; nested exception is org.springframework.beans.factory.NoSuchBeanDefinitionException: No qualifying bean of type 'com.chgenomics.store.controller.UserController' available: expected at least 1 bean which qualifies as autowire candidate. Dependency annotations: {@org.springframework.beans.factory.annotation.Autowired(required=true)}
	at org.springframework.beans.factory.annotation.AutowiredAnnotationBeanPostProcessor$AutowiredFieldElement.inject(AutowiredAnnotationBeanPostProcessor.java:587)
	at org.springframework.beans.factory.annotation.InjectionMetadata.inject(InjectionMetadata.java:91)
	at org.springframework.beans.factory.annotation.AutowiredAnnotationBeanPostProcessor.postProcessPropertyValues(AutowiredAnnotationBeanPostProcessor.java:373)
	at org.springframework.beans.factory.support.AbstractAutowireCapableBeanFactory.populateBean(AbstractAutowireCapableBeanFactory.java:1344)
	at org.springframework.beans.factory.support.AbstractAutowireCapableBeanFactory.autowireBeanProperties(AbstractAutowireCapableBeanFactory.java:400)
	at org.springframework.test.context.support.DependencyInjectionTestExecutionListener.injectDependencies(DependencyInjectionTestExecutionListener.java:118)
	at org.springframework.test.context.support.DependencyInjectionTestExecutionListener.prepareTestInstance(DependencyInjectionTestExecutionListener.java:83)
	at org.springframework.test.context.TestContextManager.prepareTestInstance(TestContextManager.java:242)
	at org.springframework.test.context.junit4.SpringJUnit4ClassRunner.createTest(SpringJUnit4ClassRunner.java:227)
	at org.springframework.test.context.junit4.SpringJUnit4ClassRunner$1.runReflectiveCall(SpringJUnit4ClassRunner.java:289)
	at org.junit.internal.runners.model.ReflectiveCallable.run(ReflectiveCallable.java:12)
	at org.springframework.test.context.junit4.SpringJUnit4ClassRunner.methodBlock(SpringJUnit4ClassRunner.java:291)
	at org.springframework.test.context.junit4.SpringJUnit4ClassRunner.runChild(SpringJUnit4ClassRunner.java:246)
	at org.springframework.test.context.junit4.SpringJUnit4ClassRunner.runChild(SpringJUnit4ClassRunner.java:97)
	at org.junit.runners.ParentRunner$3.run(ParentRunner.java:290)
	at org.junit.runners.ParentRunner$1.schedule(ParentRunner.java:71)
	at org.junit.runners.ParentRunner.runChildren(ParentRunner.java:288)
	at org.junit.runners.ParentRunner.access$000(ParentRunner.java:58)
	at org.junit.runners.ParentRunner$2.evaluate(ParentRunner.java:268)
	at org.springframework.test.context.junit4.statements.RunBeforeTestClassCallbacks.evaluate(RunBeforeTestClassCallbacks.java:61)
	at org.springframework.test.context.junit4.statements.RunAfterTestClassCallbacks.evaluate(RunAfterTestClassCallbacks.java:70)
	at org.junit.runners.ParentRunner.run(ParentRunner.java:363)
	at org.springframework.test.context.junit4.SpringJUnit4ClassRunner.run(SpringJUnit4ClassRunner.java:190)
	at org.eclipse.jdt.internal.junit4.runner.JUnit4TestReference.run(JUnit4TestReference.java:86)
	at org.eclipse.jdt.internal.junit.runner.TestExecution.run(TestExecution.java:38)
	at org.eclipse.jdt.internal.junit.runner.RemoteTestRunner.runTests(RemoteTestRunner.java:459)
	at org.eclipse.jdt.internal.junit.runner.RemoteTestRunner.runTests(RemoteTestRunner.java:678)
	at org.eclipse.jdt.internal.junit.runner.RemoteTestRunner.run(RemoteTestRunner.java:382)
	at org.eclipse.jdt.internal.junit.runner.RemoteTestRunner.main(RemoteTestRunner.java:192)
Caused by: org.springframework.beans.factory.NoSuchBeanDefinitionException: No qualifying bean of type 'com.chgenomics.store.controller.UserController' available: expected at least 1 bean which qualifies as autowire candidate. Dependency annotations: {@org.springframework.beans.factory.annotation.Autowired(required=true)}
	at org.springframework.beans.factory.support.DefaultListableBeanFactory.raiseNoMatchingBeanFound(DefaultListableBeanFactory.java:1509)
	at org.springframework.beans.factory.support.DefaultListableBeanFactory.doResolveDependency(DefaultListableBeanFactory.java:1104)
	at org.springframework.beans.factory.support.DefaultListableBeanFactory.resolveDependency(DefaultListableBeanFactory.java:1065)
	at org.springframework.beans.factory.annotation.AutowiredAnnotationBeanPostProcessor$AutowiredFieldElement.inject(AutowiredAnnotationBeanPostProcessor.java:584)
	... 28 more
[INFO] [2018-04-16 13:27:44][org.springframework.context.support.GenericApplicationContext]Closing org.springframework.context.support.GenericApplicationContext@5e853265: startup date [Mon Apr 16 13:27:40 CST 2018]; root of context hierarchy
[INFO] [2018-04-16 13:30:56][org.springframework.test.context.support.DefaultTestContextBootstrapper]Loaded default TestExecutionListener class names from location [META-INF/spring.factories]: [org.springframework.test.context.web.ServletTestExecutionListener, org.springframework.test.context.support.DirtiesContextBeforeModesTestExecutionListener, org.springframework.test.context.support.DependencyInjectionTestExecutionListener, org.springframework.test.context.support.DirtiesContextTestExecutionListener, org.springframework.test.context.transaction.TransactionalTestExecutionListener, org.springframework.test.context.jdbc.SqlScriptsTestExecutionListener]
[INFO] [2018-04-16 13:30:58][org.springframework.test.context.support.DefaultTestContextBootstrapper]Using TestExecutionListeners: [org.springframework.test.context.web.ServletTestExecutionListener@148080bb, org.springframework.test.context.support.DirtiesContextBeforeModesTestExecutionListener@dc24521, org.springframework.test.context.support.DependencyInjectionTestExecutionListener@10bdf5e5, org.springframework.test.context.support.DirtiesContextTestExecutionListener@6e1ec318, org.springframework.test.context.transaction.TransactionalTestExecutionListener@7e0b0338, org.springframework.test.context.jdbc.SqlScriptsTestExecutionListener@617faa95]
[INFO] [2018-04-16 13:31:00][org.springframework.beans.factory.xml.XmlBeanDefinitionReader]Loading XML bean definitions from class path resource [spring-mybatis.xml]
[INFO] [2018-04-16 13:31:00][org.springframework.beans.factory.xml.XmlBeanDefinitionReader]Loading XML bean definitions from class path resource [spring-mvc.xml]
[INFO] [2018-04-16 13:31:01][org.springframework.context.support.GenericApplicationContext]Refreshing org.springframework.context.support.GenericApplicationContext@5e853265: startup date [Mon Apr 16 13:31:01 CST 2018]; root of context hierarchy
[INFO] [2018-04-16 13:31:01][org.springframework.jdbc.datasource.DriverManagerDataSource]Loaded JDBC driver: org.postgresql.Driver
[INFO] [2018-04-16 13:31:04][com.chgenomics.store.controller.UserControllerTest]com.chgenomics.store.model.User@4f0f2942
[INFO] [2018-04-16 13:31:04][org.springframework.context.support.GenericApplicationContext]Closing org.springframework.context.support.GenericApplicationContext@5e853265: startup date [Mon Apr 16 13:31:01 CST 2018]; root of context hierarchy
[INFO] [2018-04-16 13:49:10][org.springframework.test.context.support.DefaultTestContextBootstrapper]Loaded default TestExecutionListener class names from location [META-INF/spring.factories]: [org.springframework.test.context.web.ServletTestExecutionListener, org.springframework.test.context.support.DirtiesContextBeforeModesTestExecutionListener, org.springframework.test.context.support.DependencyInjectionTestExecutionListener, org.springframework.test.context.support.DirtiesContextTestExecutionListener, org.springframework.test.context.transaction.TransactionalTestExecutionListener, org.springframework.test.context.jdbc.SqlScriptsTestExecutionListener]
[INFO] [2018-04-16 13:49:10][org.springframework.test.context.support.DefaultTestContextBootstrapper]Using TestExecutionListeners: [org.springframework.test.context.web.ServletTestExecutionListener@6adede5, org.springframework.test.context.support.DirtiesContextBeforeModesTestExecutionListener@2d928643, org.springframework.test.context.support.DependencyInjectionTestExecutionListener@5025a98f, org.springframework.test.context.support.DirtiesContextTestExecutionListener@49993335, org.springframework.test.context.transaction.TransactionalTestExecutionListener@20322d26, org.springframework.test.context.jdbc.SqlScriptsTestExecutionListener@192b07fd]
[INFO] [2018-04-16 13:49:10][org.springframework.beans.factory.xml.XmlBeanDefinitionReader]Loading XML bean definitions from class path resource [spring-mybatis.xml]
[INFO] [2018-04-16 13:49:11][org.springframework.beans.factory.xml.XmlBeanDefinitionReader]Loading XML bean definitions from class path resource [spring-mvc.xml]
[INFO] [2018-04-16 13:49:11][org.springframework.context.support.GenericApplicationContext]Refreshing org.springframework.context.support.GenericApplicationContext@a7e666: startup date [Mon Apr 16 13:49:11 CST 2018]; root of context hierarchy
[INFO] [2018-04-16 13:49:12][org.springframework.jdbc.datasource.DriverManagerDataSource]Loaded JDBC driver: org.postgresql.Driver
[INFO] [2018-04-16 13:49:13][org.springframework.context.support.GenericApplicationContext]Closing org.springframework.context.support.GenericApplicationContext@a7e666: startup date [Mon Apr 16 13:49:11 CST 2018]; root of context hierarchy
[INFO] [2018-04-16 13:54:17][org.springframework.test.context.support.DefaultTestContextBootstrapper]Loaded default TestExecutionListener class names from location [META-INF/spring.factories]: [org.springframework.test.context.web.ServletTestExecutionListener, org.springframework.test.context.support.DirtiesContextBeforeModesTestExecutionListener, org.springframework.test.context.support.DependencyInjectionTestExecutionListener, org.springframework.test.context.support.DirtiesContextTestExecutionListener, org.springframework.test.context.transaction.TransactionalTestExecutionListener, org.springframework.test.context.jdbc.SqlScriptsTestExecutionListener]
[INFO] [2018-04-16 13:54:17][org.springframework.test.context.support.DefaultTestContextBootstrapper]Using TestExecutionListeners: [org.springframework.test.context.web.ServletTestExecutionListener@2d928643, org.springframework.test.context.support.DirtiesContextBeforeModesTestExecutionListener@5025a98f, org.springframework.test.context.support.DependencyInjectionTestExecutionListener@49993335, org.springframework.test.context.support.DirtiesContextTestExecutionListener@20322d26, org.springframework.test.context.transaction.TransactionalTestExecutionListener@192b07fd, org.springframework.test.context.jdbc.SqlScriptsTestExecutionListener@64bfbc86]
[INFO] [2018-04-16 13:54:17][org.springframework.beans.factory.xml.XmlBeanDefinitionReader]Loading XML bean definitions from class path resource [spring-mybatis.xml]
[INFO] [2018-04-16 13:54:21][org.springframework.beans.factory.xml.XmlBeanDefinitionReader]Loading XML bean definitions from class path resource [spring-mvc.xml]
[INFO] [2018-04-16 13:54:21][org.springframework.context.support.GenericApplicationContext]Refreshing org.springframework.context.support.GenericApplicationContext@68bbe345: startup date [Mon Apr 16 13:54:21 CST 2018]; root of context hierarchy
[INFO] [2018-04-16 13:54:21][org.springframework.jdbc.datasource.DriverManagerDataSource]Loaded JDBC driver: org.postgresql.Driver
[INFO] [2018-04-16 13:54:22][org.springframework.context.support.GenericApplicationContext]Closing org.springframework.context.support.GenericApplicationContext@68bbe345: startup date [Mon Apr 16 13:54:21 CST 2018]; root of context hierarchy
[INFO] [2018-04-16 13:54:44][org.springframework.test.context.support.DefaultTestContextBootstrapper]Loaded default TestExecutionListener class names from location [META-INF/spring.factories]: [org.springframework.test.context.web.ServletTestExecutionListener, org.springframework.test.context.support.DirtiesContextBeforeModesTestExecutionListener, org.springframework.test.context.support.DependencyInjectionTestExecutionListener, org.springframework.test.context.support.DirtiesContextTestExecutionListener, org.springframework.test.context.transaction.TransactionalTestExecutionListener, org.springframework.test.context.jdbc.SqlScriptsTestExecutionListener]
[INFO] [2018-04-16 13:54:44][org.springframework.test.context.support.DefaultTestContextBootstrapper]Using TestExecutionListeners: [org.springframework.test.context.web.ServletTestExecutionListener@2d928643, org.springframework.test.context.support.DirtiesContextBeforeModesTestExecutionListener@5025a98f, org.springframework.test.context.support.DependencyInjectionTestExecutionListener@49993335, org.springframework.test.context.support.DirtiesContextTestExecutionListener@20322d26, org.springframework.test.context.transaction.TransactionalTestExecutionListener@192b07fd, org.springframework.test.context.jdbc.SqlScriptsTestExecutionListener@64bfbc86]
[INFO] [2018-04-16 13:54:44][org.springframework.beans.factory.xml.XmlBeanDefinitionReader]Loading XML bean definitions from class path resource [spring-mybatis.xml]
[INFO] [2018-04-16 13:54:44][org.springframework.beans.factory.xml.XmlBeanDefinitionReader]Loading XML bean definitions from class path resource [spring-mvc.xml]
[INFO] [2018-04-16 13:54:44][org.springframework.context.support.GenericApplicationContext]Refreshing org.springframework.context.support.GenericApplicationContext@68bbe345: startup date [Mon Apr 16 13:54:44 CST 2018]; root of context hierarchy
[INFO] [2018-04-16 13:54:45][org.springframework.jdbc.datasource.DriverManagerDataSource]Loaded JDBC driver: org.postgresql.Driver
[INFO] [2018-04-16 13:54:45][org.springframework.context.support.GenericApplicationContext]Closing org.springframework.context.support.GenericApplicationContext@68bbe345: startup date [Mon Apr 16 13:54:44 CST 2018]; root of context hierarchy
[INFO] [2018-04-16 13:56:47][org.springframework.test.context.support.DefaultTestContextBootstrapper]Loaded default TestExecutionListener class names from location [META-INF/spring.factories]: [org.springframework.test.context.web.ServletTestExecutionListener, org.springframework.test.context.support.DirtiesContextBeforeModesTestExecutionListener, org.springframework.test.context.support.DependencyInjectionTestExecutionListener, org.springframework.test.context.support.DirtiesContextTestExecutionListener, org.springframework.test.context.transaction.TransactionalTestExecutionListener, org.springframework.test.context.jdbc.SqlScriptsTestExecutionListener]
[INFO] [2018-04-16 13:56:47][org.springframework.test.context.support.DefaultTestContextBootstrapper]Using TestExecutionListeners: [org.springframework.test.context.web.ServletTestExecutionListener@148080bb, org.springframework.test.context.support.DirtiesContextBeforeModesTestExecutionListener@dc24521, org.springframework.test.context.support.DependencyInjectionTestExecutionListener@10bdf5e5, org.springframework.test.context.support.DirtiesContextTestExecutionListener@6e1ec318, org.springframework.test.context.transaction.TransactionalTestExecutionListener@7e0b0338, org.springframework.test.context.jdbc.SqlScriptsTestExecutionListener@617faa95]
[INFO] [2018-04-16 13:56:47][org.springframework.beans.factory.xml.XmlBeanDefinitionReader]Loading XML bean definitions from class path resource [spring-mybatis.xml]
[INFO] [2018-04-16 13:56:55][org.springframework.beans.factory.xml.XmlBeanDefinitionReader]Loading XML bean definitions from class path resource [spring-mvc.xml]
[INFO] [2018-04-16 13:56:56][org.springframework.context.support.GenericApplicationContext]Refreshing org.springframework.context.support.GenericApplicationContext@5e853265: startup date [Mon Apr 16 13:56:56 CST 2018]; root of context hierarchy
[INFO] [2018-04-16 13:56:56][org.springframework.jdbc.datasource.DriverManagerDataSource]Loaded JDBC driver: org.postgresql.Driver
[INFO] [2018-04-16 13:56:57][com.chgenomics.store.controller.UserControllerTest]users/user
[INFO] [2018-04-16 13:56:57][org.springframework.context.support.GenericApplicationContext]Closing org.springframework.context.support.GenericApplicationContext@5e853265: startup date [Mon Apr 16 13:56:56 CST 2018]; root of context hierarchy
[INFO] [2018-04-16 13:57:41][org.springframework.test.context.support.DefaultTestContextBootstrapper]Loaded default TestExecutionListener class names from location [META-INF/spring.factories]: [org.springframework.test.context.web.ServletTestExecutionListener, org.springframework.test.context.support.DirtiesContextBeforeModesTestExecutionListener, org.springframework.test.context.support.DependencyInjectionTestExecutionListener, org.springframework.test.context.support.DirtiesContextTestExecutionListener, org.springframework.test.context.transaction.TransactionalTestExecutionListener, org.springframework.test.context.jdbc.SqlScriptsTestExecutionListener]
[INFO] [2018-04-16 13:57:41][org.springframework.test.context.support.DefaultTestContextBootstrapper]Using TestExecutionListeners: [org.springframework.test.context.web.ServletTestExecutionListener@148080bb, org.springframework.test.context.support.DirtiesContextBeforeModesTestExecutionListener@dc24521, org.springframework.test.context.support.DependencyInjectionTestExecutionListener@10bdf5e5, org.springframework.test.context.support.DirtiesContextTestExecutionListener@6e1ec318, org.springframework.test.context.transaction.TransactionalTestExecutionListener@7e0b0338, org.springframework.test.context.jdbc.SqlScriptsTestExecutionListener@617faa95]
[INFO] [2018-04-16 13:57:41][org.springframework.beans.factory.xml.XmlBeanDefinitionReader]Loading XML bean definitions from class path resource [spring-mybatis.xml]
[INFO] [2018-04-16 13:57:42][org.springframework.beans.factory.xml.XmlBeanDefinitionReader]Loading XML bean definitions from class path resource [spring-mvc.xml]
[INFO] [2018-04-16 13:57:42][org.springframework.context.support.GenericApplicationContext]Refreshing org.springframework.context.support.GenericApplicationContext@5e853265: startup date [Mon Apr 16 13:57:42 CST 2018]; root of context hierarchy
[INFO] [2018-04-16 13:57:42][org.springframework.jdbc.datasource.DriverManagerDataSource]Loaded JDBC driver: org.postgresql.Driver
[INFO] [2018-04-16 13:57:43][com.chgenomics.store.controller.UserControllerTest]com.chgenomics.store.model.User@387a8303
[INFO] [2018-04-16 13:57:43][com.chgenomics.store.controller.UserControllerTest]users/user
[INFO] [2018-04-16 13:57:43][org.springframework.context.support.GenericApplicationContext]Closing org.springframework.context.support.GenericApplicationContext@5e853265: startup date [Mon Apr 16 13:57:42 CST 2018]; root of context hierarchy
